<?xml version="1.0" encoding="UTF-8"?>
<!-- Generated by org.testng.reporters.JUnitXMLReporter -->
<testsuite hostname="DESKTOP-U8UDBFC" ignored="2" name="Test" tests="3" failures="0" timestamp="2021-08-27T19:13:24 IST" time="49.867" errors="0">
  <testcase name="createLeaf" time="2.495" classname="com.leafBot.testcases.TC001_LoginLogOut"/>
  <testcase name="createLead" time="15.511" classname="com.leafBot.testcases.TC003_CreateLead"/>
  <testcase name="createLead" time="15.045" classname="com.leafBot.testcases.TC003_CreateLead"/>
  <testcase name="@BeforeSuite startReport" time="0.0" classname="utils.Reporter">
    <ignored/>
  </testcase> <!-- @BeforeSuite startReport -->
  <testcase name="@AfterSuite stopReport" time="0.0" classname="utils.Reporter">
    <ignored/>
  </testcase> <!-- @AfterSuite stopReport -->
</testsuite> <!-- Test -->
